<?xml version="1.0" encoding="UTF-8"?>
<!-- Generated by org.testng.reporters.JUnitReportReporter -->
<testsuite skipped="0" hostname="Javed" name="TestCases.AddImagesPage_Test" tests="3" failures="0" timestamp="2020-01-16T20:25:39 IST" time="12.726" errors="0">
  <testcase name="verify_ContinueButton" time="0.091" classname="TestCases.AddImagesPage_Test"/>
  <testcase name="upload_ImageFile" time="0.223" classname="TestCases.AddImagesPage_Test"/>
  <testcase name="click_ContinueButton" time="12.412" classname="TestCases.AddImagesPage_Test"/>
</testsuite> <!-- TestCases.AddImagesPage_Test -->
