<?xml version="1.0" encoding="UTF-8"?>
<!-- Generated by org.testng.reporters.JUnitReportReporter -->
<testsuite skipped="0" hostname="Javed" name="TestCases.FilePageTest" tests="1" failures="0" timestamp="2020-01-16T00:17:33 IST" time="1.398" errors="0">
  <testcase name="click_AddImageLink" time="1.398" classname="TestCases.FilePageTest"/>
</testsuite> <!-- TestCases.FilePageTest -->
