<?xml version="1.0" encoding="UTF-8"?>
<!-- Generated by org.testng.reporters.JUnitReportReporter -->
<testsuite skipped="0" hostname="Javed" name="TestCases.LoginPage_Test" tests="1" failures="0" timestamp="2020-01-16T00:17:33 IST" time="5.623" errors="0">
  <testcase name="LoginTest" time="5.623" classname="TestCases.LoginPage_Test"/>
</testsuite> <!-- TestCases.LoginPage_Test -->
