<?xml version="1.0" encoding="UTF-8"?>
<!-- Generated by org.testng.reporters.JUnitReportReporter -->
<testsuite skipped="0" hostname="Javed" name="TestCases.DashboardPage_Test" tests="1" failures="0" timestamp="2020-01-16T00:17:33 IST" time="0.764" errors="0">
  <testcase name="click_FileTab" time="0.764" classname="TestCases.DashboardPage_Test"/>
</testsuite> <!-- TestCases.DashboardPage_Test -->
